Unity Editor version:    2021.3.8f1 (b30333d56e81)
Branch:                  2021.3/staging
Build type:              Release
Batch mode:              YES
macOS version:           Version 11.6.3 (Build 20G415)
Darwin version:          20.6.0
Architecture:            x86_64
Running under Rosetta:   NO
Available memory:        8192 MB
Using pre-set license
Pro License: YES

COMMAND LINE ARGUMENTS:
/Applications/Unity/Hub/Editor/2021.3.8f1/Unity.app/Contents/MacOS/Unity
-adb2
-batchMode
-noUpm
-name
AssetImportWorker0
-projectPath
/Users/Sentaro/GitHub/hanabusa-lab/2022_3rd_vr/senwork/VRGlove
-logFile
Logs/AssetImportWorker0.log
-srvPort
58028
Successfully changed project path to: /Users/Sentaro/GitHub/hanabusa-lab/2022_3rd_vr/senwork/VRGlove
/Users/Sentaro/GitHub/hanabusa-lab/2022_3rd_vr/senwork/VRGlove
[UnityMemory] Configuration Parameters - Can be set up in boot.config
    "memorysetup-bucket-allocator-granularity=16"
    "memorysetup-bucket-allocator-bucket-count=8"
    "memorysetup-bucket-allocator-block-size=33554432"
    "memorysetup-bucket-allocator-block-count=8"
    "memorysetup-main-allocator-block-size=16777216"
    "memorysetup-thread-allocator-block-size=16777216"
    "memorysetup-gfx-main-allocator-block-size=16777216"
    "memorysetup-gfx-thread-allocator-block-size=16777216"
    "memorysetup-cache-allocator-block-size=4194304"
    "memorysetup-typetree-allocator-block-size=2097152"
    "memorysetup-profiler-bucket-allocator-granularity=16"
    "memorysetup-profiler-bucket-allocator-bucket-count=8"
    "memorysetup-profiler-bucket-allocator-block-size=33554432"
    "memorysetup-profiler-bucket-allocator-block-count=8"
    "memorysetup-profiler-allocator-block-size=16777216"
    "memorysetup-profiler-editor-allocator-block-size=1048576"
    "memorysetup-temp-allocator-size-main=16777216"
    "memorysetup-job-temp-allocator-block-size=2097152"
    "memorysetup-job-temp-allocator-block-size-background=1048576"
    "memorysetup-job-temp-allocator-reduction-small-platforms=262144"
    "memorysetup-temp-allocator-size-background-worker=32768"
    "memorysetup-temp-allocator-size-job-worker=262144"
    "memorysetup-temp-allocator-size-preload-manager=33554432"
    "memorysetup-temp-allocator-size-nav-mesh-worker=65536"
    "memorysetup-temp-allocator-size-audio-worker=65536"
    "memorysetup-temp-allocator-size-cloud-worker=32768"
    "memorysetup-temp-allocator-size-gi-baking-worker=262144"
    "memorysetup-temp-allocator-size-gfx=262144"
Refreshing native plugins compatible for Editor in 159.63 ms, found 2 plugins.
Preloading 0 native plugins for Editor in 0.00 ms.
Initialize engine version: 2021.3.8f1 (b30333d56e81)
[Subsystems] Discovering subsystems at path /Applications/Unity/Hub/Editor/2021.3.8f1/Unity.app/Contents/Resources/UnitySubsystems
[Subsystems] Discovering subsystems at path /Users/Sentaro/GitHub/hanabusa-lab/2022_3rd_vr/senwork/VRGlove/Assets
GfxDevice: creating device client; threaded=0; jobified=0
Color LCD preferred device: Intel Iris Graphics (low power)
Metal devices available: 1
0: Intel Iris Graphics (low power)
Using device Intel Iris Graphics (low power)
Initializing Metal device caps: Intel Iris Graphics
Initialize mono
Mono path[0] = '/Applications/Unity/Hub/Editor/2021.3.8f1/Unity.app/Contents/Managed'
Mono path[1] = '/Applications/Unity/Hub/Editor/2021.3.8f1/Unity.app/Contents/MonoBleedingEdge/lib/mono/unityjit-macos'
Mono config path = '/Applications/Unity/Hub/Editor/2021.3.8f1/Unity.app/Contents/MonoBleedingEdge/etc'
Using monoOptions --debugger-agent=transport=dt_socket,embedding=1,server=y,suspend=n,address=127.0.0.1:56347
Begin MonoManager ReloadAssembly
Registering precompiled unity dll's ...
Register platform support module: /Applications/Unity/Hub/Editor/2021.3.8f1/PlaybackEngines/WebGLSupport/UnityEditor.WebGL.Extensions.dll
Register platform support module: /Applications/Unity/Hub/Editor/2021.3.8f1/Unity.app/Contents/PlaybackEngines/MacStandaloneSupport/UnityEditor.OSXStandalone.Extensions.dll
Registered in 0.003869 seconds.
Native extension for OSXStandalone target not found
Native extension for WebGL target not found
Refreshing native plugins compatible for Editor in 484.47 ms, found 2 plugins.
Preloading 0 native plugins for Editor in 0.00 ms.
Mono: successfully reloaded assembly
- Completed reload, in  1.959 seconds
Domain Reload Profiling:
	ReloadAssembly (1960ms)
		BeginReloadAssembly (197ms)
			ExecutionOrderSort (0ms)
			DisableScriptedObjects (0ms)
			BackupInstance (0ms)
			ReleaseScriptingObjects (0ms)
			CreateAndSetChildDomain (1ms)
		EndReloadAssembly (1549ms)
			LoadAssemblies (199ms)
			RebuildTransferFunctionScriptingTraits (0ms)
			SetupTypeCache (257ms)
			ReleaseScriptCaches (0ms)
			RebuildScriptCaches (229ms)
			SetupLoadedEditorAssemblies (953ms)
				LogAssemblyErrors (0ms)
				InitializePlatformSupportModulesInManaged (28ms)
				SetLoadedEditorAssemblies (1ms)
				RefreshPlugins (485ms)
				BeforeProcessingInitializeOnLoad (4ms)
				ProcessInitializeOnLoadAttributes (357ms)
				ProcessInitializeOnLoadMethodAttributes (78ms)
				AfterProcessingInitializeOnLoad (0ms)
				EditorAssembliesLoaded (0ms)
			ExecutionOrderSort2 (0ms)
			AwakeInstancesAfterBackupRestoration (0ms)
Platform modules already initialized, skipping
Registering precompiled user dll's ...
Registered in 0.003656 seconds.
Begin MonoManager ReloadAssembly
Symbol file LoadedFromMemory doesn't match image /Users/Sentaro/GitHub/hanabusa-lab/2022_3rd_vr/senwork/VRGlove/Library/PackageCache/com.unity.visualscripting@1.7.8/Editor/VisualScripting.Core/Dependencies/YamlDotNet/Unity.VisualScripting.YamlDotNet.dll
Symbol file LoadedFromMemory doesn't match image /Users/Sentaro/GitHub/hanabusa-lab/2022_3rd_vr/senwork/VRGlove/Library/PackageCache/com.unity.visualscripting@1.7.8/Editor/VisualScripting.Core/Dependencies/DotNetZip/Unity.VisualScripting.IonicZip.dll
Native extension for OSXStandalone target not found
Native extension for WebGL target not found
Refreshing native plugins compatible for Editor in 0.74 ms, found 2 plugins.
Preloading 0 native plugins for Editor in 0.00 ms.
Mono: successfully reloaded assembly
- Completed reload, in  2.759 seconds
Domain Reload Profiling:
	ReloadAssembly (2760ms)
		BeginReloadAssembly (609ms)
			ExecutionOrderSort (0ms)
			DisableScriptedObjects (31ms)
			BackupInstance (0ms)
			ReleaseScriptingObjects (0ms)
			CreateAndSetChildDomain (177ms)
		EndReloadAssembly (1562ms)
			LoadAssemblies (360ms)
			RebuildTransferFunctionScriptingTraits (0ms)
			SetupTypeCache (550ms)
			ReleaseScriptCaches (1ms)
			RebuildScriptCaches (106ms)
			SetupLoadedEditorAssemblies (603ms)
				LogAssemblyErrors (0ms)
				InitializePlatformSupportModulesInManaged (12ms)
				SetLoadedEditorAssemblies (1ms)
				RefreshPlugins (1ms)
				BeforeProcessingInitializeOnLoad (122ms)
				ProcessInitializeOnLoadAttributes (404ms)
				ProcessInitializeOnLoadMethodAttributes (61ms)
				AfterProcessingInitializeOnLoad (2ms)
				EditorAssembliesLoaded (0ms)
			ExecutionOrderSort2 (0ms)
			AwakeInstancesAfterBackupRestoration (6ms)
Platform modules already initialized, skipping
========================================================================
Worker process is ready to serve import requests
Launching external process: /Applications/Unity/Hub/Editor/2021.3.8f1/Unity.app/Contents/Tools/UnityShaderCompiler
Launched and connected shader compiler UnityShaderCompiler after 0.06 seconds
Refreshing native plugins compatible for Editor in 0.77 ms, found 2 plugins.
Preloading 0 native plugins for Editor in 0.00 ms.
Unloading 3377 Unused Serialized files (Serialized files now loaded: 0)
Unloading 27 unused Assets / (94.4 KB). Loaded Objects now: 3834.
Memory consumption went from 229.0 MB to 228.9 MB.
Total: 13.140667 ms (FindLiveObjects: 0.634236 ms CreateObjectMapping: 0.350239 ms MarkObjects: 11.918070 ms  DeleteObjects: 0.235919 ms)

AssetImportParameters requested are different than current active one (requested -> active):
  custom:video-decoder-ogg-theora: a1e56fd34408186e4bbccfd4996cb3dc -> 
  custom:container-muxer-webm: aa71ff27fc2769a1b78a27578f13a17b -> 
  custom:container-demuxer-webm: 4f35f7cbe854078d1ac9338744f61a02 -> 
  custom:video-encoder-webm-vp8: eb34c28f22e8b96e1ab97ce403110664 -> 
  custom:framework-osx-AVFoundation: e770b220cccbd017edd2c1fefb359320 -> 
  custom:audio-encoder-webm-vorbis: bf7c407c2cedff20999df2af8eb42d56 -> 
  custom:container-demuxer-ogg: 62fdf1f143b41e24485cea50d1cbac27 -> 
  custom:video-decoder-webm-vp8: 9c59270c3fd7afecdb556c50c9e8de78 -> 
  custom:audio-decoder-ogg-vorbis: bf7c407c2cedff20999df2af8eb42d56 -> 
========================================================================
Received Import Request.
  Time since last request: 28364.388574 seconds.
  path: Assets/HandModel/hand2.fbx
  artifactKey: Guid(3077cb8c00fb7449198d083cdf2cbd6e) Importer(815301076,1909f56bfc062723c751e8b465ee728b)
Start importing Assets/HandModel/hand2.fbx using Guid(3077cb8c00fb7449198d083cdf2cbd6e) Importer(815301076,1909f56bfc062723c751e8b465ee728b)  -> (artifact id: 'abe2b40252bbf871b41b7bbc9118ebc6') in 0.822406 seconds 
========================================================================
Received Import Request.
  Time since last request: 14.598055 seconds.
  path: Assets/HandModel/hand.fbx
  artifactKey: Guid(619e34bf89f944823b530a1315c16d08) Importer(815301076,1909f56bfc062723c751e8b465ee728b)
Start importing Assets/HandModel/hand.fbx using Guid(619e34bf89f944823b530a1315c16d08) Importer(815301076,1909f56bfc062723c751e8b465ee728b)  -> (artifact id: 'b0ceacbc4178c0b54ecd18a64c211c56') in 0.094494 seconds 
========================================================================
Received Import Request.
  Time since last request: 13.622835 seconds.
  path: Assets/HandModel/Armature.001_f1.anim
  artifactKey: Guid(f6fd25e7ca94f40329db8c20ca858989) Importer(815301076,1909f56bfc062723c751e8b465ee728b)
Start importing Assets/HandModel/Armature.001_f1.anim using Guid(f6fd25e7ca94f40329db8c20ca858989) Importer(815301076,1909f56bfc062723c751e8b465ee728b)  -> (artifact id: 'b500fc5de855638fc861dd4b43db641d') in 1.912215 seconds 
========================================================================
Received Import Request.
  Time since last request: 0.273681 seconds.
  path: Assets/HandModel/Armature.001_f2.anim
  artifactKey: Guid(31bb2bb8cecf24f029e3509551a47e8b) Importer(815301076,1909f56bfc062723c751e8b465ee728b)
Start importing Assets/HandModel/Armature.001_f2.anim using Guid(31bb2bb8cecf24f029e3509551a47e8b) Importer(815301076,1909f56bfc062723c751e8b465ee728b)  -> (artifact id: '6ec884aa84f7d1aedf1c6e6b85dc6e64') in 0.005100 seconds 
========================================================================
Received Import Request.
  Time since last request: 2.615758 seconds.
  path: Assets/HandModel/Armature.001_f3.anim
  artifactKey: Guid(a31469d96ca184f90b71f3b99cb3a27c) Importer(815301076,1909f56bfc062723c751e8b465ee728b)
Start importing Assets/HandModel/Armature.001_f3.anim using Guid(a31469d96ca184f90b71f3b99cb3a27c) Importer(815301076,1909f56bfc062723c751e8b465ee728b)  -> (artifact id: '1b2c690a8da0f12b08d98f53928e70b0') in 0.006460 seconds 
========================================================================
Received Import Request.
  Time since last request: 1.638420 seconds.
  path: Assets/HandModel/Armature.001_f4.anim
  artifactKey: Guid(161956d0f108d40c291796d1f327c0da) Importer(815301076,1909f56bfc062723c751e8b465ee728b)
Start importing Assets/HandModel/Armature.001_f4.anim using Guid(161956d0f108d40c291796d1f327c0da) Importer(815301076,1909f56bfc062723c751e8b465ee728b)  -> (artifact id: '964f42b08f3543c640abef16a0c0d7ae') in 0.005761 seconds 
========================================================================
Received Import Request.
  Time since last request: 2.458851 seconds.
  path: Assets/HandModel/Armature.001_f5.anim
  artifactKey: Guid(5601c6a84a9544a1b92d54341d999350) Importer(815301076,1909f56bfc062723c751e8b465ee728b)
Start importing Assets/HandModel/Armature.001_f5.anim using Guid(5601c6a84a9544a1b92d54341d999350) Importer(815301076,1909f56bfc062723c751e8b465ee728b)  -> (artifact id: '43353f8a2c36f622dee03da7793e2baa') in 0.006006 seconds 
========================================================================
Received Import Request.
  Time since last request: 6.911612 seconds.
  path: Assets/HandModel/Armature.001_paa.anim
  artifactKey: Guid(3ca3907d372da47c3bc7d64722413cdb) Importer(815301076,1909f56bfc062723c751e8b465ee728b)
Start importing Assets/HandModel/Armature.001_paa.anim using Guid(3ca3907d372da47c3bc7d64722413cdb) Importer(815301076,1909f56bfc062723c751e8b465ee728b)  -> (artifact id: '5f3f0163d018a5cee22e2f74c690bfcc') in 0.006114 seconds 
